2026-06-15 04:13:04,325 INFO sqlalchemy.engine.Engine select pg_catalog.version()
2026-06-15 04:13:04,327 INFO sqlalchemy.engine.Engine [raw sql] ()
2026-06-15 04:13:04,342 INFO sqlalchemy.engine.Engine select current_schema()
2026-06-15 04:13:04,343 INFO sqlalchemy.engine.Engine [raw sql] ()
2026-06-15 04:13:04,358 INFO sqlalchemy.engine.Engine show standard_conforming_strings
2026-06-15 04:13:04,359 INFO sqlalchemy.engine.Engine [raw sql] ()
2026-06-15 04:13:04,368 INFO sqlalchemy.engine.Engine BEGIN (implicit)
2026-06-15 04:13:04,379 INFO sqlalchemy.engine.Engine SELECT usuarios.id, usuarios.username, usuarios.azure_oid, usuarios.email, usuarios.nombre_completo, usuarios.iniciales, usuarios.cargo, usuarios.area_id, usuarios.estado, usuarios.ausente, usuarios.delegado_id, usuarios.estado_delegacion, usuarios.visualiza_reportes, usuarios.requiere_delegado, usuarios.ad_info, usuarios.ad_postal_code, usuarios.ad_last_synced_at, usuarios.password_hash, usuarios.last_login_at, usuarios.last_sync_at, usuarios.created_at, usuarios.updated_at 
FROM usuarios 
WHERE usuarios.id = $1::INTEGER
2026-06-15 04:13:04,381 INFO sqlalchemy.engine.Engine [generated in 0.00223s] (17,)
2026-06-15 04:13:04,442 INFO sqlalchemy.engine.Engine SELECT areas.id AS areas_id, areas.gerencia_id AS areas_gerencia_id, areas.sigla AS areas_sigla, areas.nombre AS areas_nombre, areas.activo AS areas_activo, areas.jefe_id AS areas_jefe_id, areas.orden AS areas_orden, areas.created_at AS areas_created_at, areas.updated_at AS areas_updated_at 
FROM areas 
WHERE areas.id IN ($1::INTEGER)
2026-06-15 04:13:04,443 INFO sqlalchemy.engine.Engine [generated in 0.00125s] (23,)
2026-06-15 04:13:04,458 INFO sqlalchemy.engine.Engine SELECT usuarios_1.id AS usuarios_1_id, roles.id AS roles_id, roles.codigo AS roles_codigo, roles.nombre AS roles_nombre, roles.descripcion AS roles_descripcion, roles.requiere_delegado AS roles_requiere_delegado, roles.created_at AS roles_created_at, roles.updated_at AS roles_updated_at 
FROM usuarios AS usuarios_1 JOIN usuario_roles AS usuario_roles_1 ON usuarios_1.id = usuario_roles_1.usuario_id JOIN roles ON roles.id = usuario_roles_1.rol_id 
WHERE usuarios_1.id IN ($1::INTEGER)
2026-06-15 04:13:04,459 INFO sqlalchemy.engine.Engine [generated in 0.00110s] (17,)
2026-06-15 04:13:04,488 INFO sqlalchemy.engine.Engine SELECT usuarios_1.id AS usuarios_1_id, modulos.id AS modulos_id, modulos.codigo AS modulos_codigo, modulos.nombre AS modulos_nombre, modulos.descripcion AS modulos_descripcion, modulos.ruta_ui AS modulos_ruta_ui, modulos.activo AS modulos_activo, modulos.orden AS modulos_orden, modulos.created_at AS modulos_created_at 
FROM usuarios AS usuarios_1 JOIN usuario_modulos AS usuario_modulos_1 ON usuarios_1.id = usuario_modulos_1.usuario_id JOIN modulos ON modulos.id = usuario_modulos_1.modulo_id 
WHERE usuarios_1.id IN ($1::INTEGER)
2026-06-15 04:13:04,489 INFO sqlalchemy.engine.Engine [generated in 0.00116s] (17,)
2026-06-15 04:13:04,515 INFO sqlalchemy.engine.Engine SELECT gerencias.id AS gerencias_id, gerencias.sigla AS gerencias_sigla, gerencias.nombre AS gerencias_nombre, gerencias.activo AS gerencias_activo, gerencias.orden AS gerencias_orden, gerencias.created_at AS gerencias_created_at, gerencias.updated_at AS gerencias_updated_at 
FROM gerencias 
WHERE gerencias.id IN ($1::INTEGER)
2026-06-15 04:13:04,516 INFO sqlalchemy.engine.Engine [generated in 0.00169s] (3,)
INFO:     127.0.0.1:32561 - "GET /api/v1/me HTTP/1.1" 200 OK
2026-06-15 04:13:04,526 INFO sqlalchemy.engine.Engine COMMIT
2026-06-15 04:13:04,594 INFO sqlalchemy.engine.Engine BEGIN (implicit)
2026-06-15 04:13:04,599 INFO sqlalchemy.engine.Engine SELECT usuarios.id, usuarios.username, usuarios.azure_oid, usuarios.email, usuarios.nombre_completo, usuarios.iniciales, usuarios.cargo, usuarios.area_id, usuarios.estado, usuarios.ausente, usuarios.delegado_id, usuarios.estado_delegacion, usuarios.visualiza_reportes, usuarios.requiere_delegado, usuarios.ad_info, usuarios.ad_postal_code, usuarios.ad_last_synced_at, usuarios.password_hash, usuarios.last_login_at, usuarios.last_sync_at, usuarios.created_at, usuarios.updated_at 
FROM usuarios 
WHERE usuarios.id = $1::INTEGER
2026-06-15 04:13:04,601 INFO sqlalchemy.engine.Engine [cached since 0.222s ago] (17,)
2026-06-15 04:13:04,661 INFO sqlalchemy.engine.Engine SELECT areas.id AS areas_id, areas.gerencia_id AS areas_gerencia_id, areas.sigla AS areas_sigla, areas.nombre AS areas_nombre, areas.activo AS areas_activo, areas.jefe_id AS areas_jefe_id, areas.orden AS areas_orden, areas.created_at AS areas_created_at, areas.updated_at AS areas_updated_at 
FROM areas 
WHERE areas.id IN ($1::INTEGER)
2026-06-15 04:13:04,663 INFO sqlalchemy.engine.Engine [cached since 0.2196s ago] (23,)
2026-06-15 04:13:04,675 INFO sqlalchemy.engine.Engine SELECT usuarios_1.id AS usuarios_1_id, roles.id AS roles_id, roles.codigo AS roles_codigo, roles.nombre AS roles_nombre, roles.descripcion AS roles_descripcion, roles.requiere_delegado AS roles_requiere_delegado, roles.created_at AS roles_created_at, roles.updated_at AS roles_updated_at 
FROM usuarios AS usuarios_1 JOIN usuario_roles AS usuario_roles_1 ON usuarios_1.id = usuario_roles_1.usuario_id JOIN roles ON roles.id = usuario_roles_1.rol_id 
WHERE usuarios_1.id IN ($1::INTEGER)
2026-06-15 04:13:04,677 INFO sqlalchemy.engine.Engine [cached since 0.2186s ago] (17,)
2026-06-15 04:13:04,709 INFO sqlalchemy.engine.Engine SELECT usuarios_1.id AS usuarios_1_id, modulos.id AS modulos_id, modulos.codigo AS modulos_codigo, modulos.nombre AS modulos_nombre, modulos.descripcion AS modulos_descripcion, modulos.ruta_ui AS modulos_ruta_ui, modulos.activo AS modulos_activo, modulos.orden AS modulos_orden, modulos.created_at AS modulos_created_at 
FROM usuarios AS usuarios_1 JOIN usuario_modulos AS usuario_modulos_1 ON usuarios_1.id = usuario_modulos_1.usuario_id JOIN modulos ON modulos.id = usuario_modulos_1.modulo_id 
WHERE usuarios_1.id IN ($1::INTEGER)
2026-06-15 04:13:04,710 INFO sqlalchemy.engine.Engine [cached since 0.2227s ago] (17,)
2026-06-15 04:13:04,738 INFO sqlalchemy.engine.Engine SELECT gerencias.id AS gerencias_id, gerencias.sigla AS gerencias_sigla, gerencias.nombre AS gerencias_nombre, gerencias.activo AS gerencias_activo, gerencias.orden AS gerencias_orden, gerencias.created_at AS gerencias_created_at, gerencias.updated_at AS gerencias_updated_at 
FROM gerencias 
WHERE gerencias.id IN ($1::INTEGER)
2026-06-15 04:13:04,739 INFO sqlalchemy.engine.Engine [cached since 0.2249s ago] (3,)
INFO:     127.0.0.1:32563 - "GET /api/v1/me HTTP/1.1" 200 OK
2026-06-15 04:13:04,748 INFO sqlalchemy.engine.Engine COMMIT
